xrun(64): 24.03-s004: (c) Copyright 1995-2024 Cadence Design Systems, Inc.
TOOL:	xrun(64)	24.03-s004: Started on Sep 22, 2024 at 15:01:41 UTC
xrun
	-f run.f
		-64
		-uvmhome /tools/cadence/XCELIUM/24.03.004/tools/methodology/UVM/CDNS-1.1d
		-incdir ../sv
		+UVM_VERBOSITY=UVM_HIGH
		+UVM_TESTNAME=yapp_012_test
		+SVSEED=random
		+UVM_NO_RELNOTES
		-timescale 1ns/1ns
		../sv/yapp_pkg.sv
		../sv/yapp_if.sv
		clkgen.sv
		tb_top.sv
		hw_top.sv
		../../router_rtl/yapp_router.sv

   User defined plus("+") options:
	+UVM_VERBOSITY=UVM_HIGH
	+UVM_NO_RELNOTES

Compiling UVM packages (uvm_pkg.sv cdns_uvm_pkg.sv) using uvmhome location /tools/cadence/XCELIUM/24.03.004/tools/methodology/UVM/CDNS-1.1d
file: ../sv/yapp_pkg.sv
	package worklib.yapp_pkg:sv
		errors: 0, warnings: 0
file: ../sv/yapp_if.sv
	interface worklib.yapp_if:sv
		errors: 0, warnings: 0
file: tb_top.sv
	module worklib.tb_top:sv
		errors: 0, warnings: 0
		Caching library 'worklib' ....... Done
	Elaborating the design hierarchy:
	Top level design units:
		$unit_0x06147c37
		uvm_pkg
		cdns_uvmapi
		cdns_assert2uvm_pkg
		cdns_uvm_pkg
		yapp_pkg
		tb_top
		hw_top
	Building instance overlay tables: .................... Done
	Generating native compiled code:
		worklib.fifo:sv <0x09a2871e>
			streams:   5, words:  2602
		worklib.port_fsm:sv <0x4ec697c6>
			streams:  32, words: 20372
		worklib.host_ctl:sv <0x5b902189>
			streams:  20, words: 14640
		worklib.yapp_router:sv <0x7cb837dc>
			streams:  15, words:  3190
		worklib.clkgen:sv <0x04b884f8>
			streams:   2, words:   875
		worklib.tb_top:sv <0x5181cc06>
			streams: 185, words: 118763
		worklib.hw_top:sv <0x106add12>
			streams:   9, words:  3274
		worklib.yapp_if:sv <0x40b372a6>
			streams: 691, words: 804677
		worklib.cdns_uvm_pkg:sv <0x3696be0c>
			streams: 172, words: 248139
		worklib.cdns_uvmapi:svp <0x239fcf06>
			streams:  27, words: 28687
		worklib.cdns_assert2uvm_pkg:sv <0x1abe9cf8>
			streams:   3, words:  1654
		worklib.uvm_pkg:sv <0x096a4779>
			streams: 4538, words: 6804712
	Building instance specific data structures.
	Loading native compiled code:     .................... Done
	Design hierarchy summary:
		                        Instances  Unique
		Modules:                        9       7
		Interfaces:                     1       1
		Verilog packages:               5       5
		Registers:                 14,554  10,546
		Scalar wires:                  45       -
		Vectored wires:                24       -
		Named events:                   5      13
		Always blocks:                 18      14
		Initial blocks:               331     173
		Parallel blocks:               29      30
		Cont. assignments:             16      41
		Pseudo assignments:            10       -
		Assertions:                     3       3
		Compilation units:              1       1
		SV Class declarations:        213     327
		SV Class specializations:     410     410
		Process Clocks:                 8       2
		Simulation timescale:       100ps
	Writing initial simulation snapshot: worklib.tb_top:sv
Loading snapshot worklib.tb_top:sv .................... Done
SVSEED set randomly from command line: -549279443
xcelium> source /tools/cadence/XCELIUM/24.03.004/tools/xcelium/files/xmsimrc
xcelium> source /tools/cadence/XCELIUM/24.03.004/tools/methodology/UVM/CDNS-1.1d/additions/sv/files/tcl/uvm_sim.tcl
xcelium> run
----------------------------------------------------------------
CDNS-UVM-1.1d (24.03-s004)
(C) 2007-2013 Mentor Graphics Corporation
(C) 2007-2013 Cadence Design Systems, Inc.
(C) 2006-2013 Synopsys, Inc.
(C) 2011-2013 Cypress Semiconductor Corp.
----------------------------------------------------------------
UVM_INFO @ 0: reporter [RNTST] Running test yapp_012_test...
UVM_INFO router_tb.sv(31) @ 0: uvm_test_top.tb [MSG] In the build phase
UVM_INFO @ 0: reporter [UVMTOP] UVM testbench topology:
-----------------------------------------------------------------------
Name                          Type                     Size  Value     
-----------------------------------------------------------------------
uvm_test_top                  yapp_012_test            -     @2641     
  tb                          router_tb                -     @2726     
    yapp                      yapp_env                 -     @2674     
      tx_agent                yapp_tx_agent            -     @2792     
        driver                yapp_tx_driver           -     @3448     
          rsp_port            uvm_analysis_port        -     @3599     
            recording_detail  integral                 32    'd1       
          seq_item_port       uvm_seq_item_pull_port   -     @3550     
            recording_detail  integral                 32    'd1       
          recording_detail    integral                 32    'd1       
        monitor               yapp_tx_monitor          -     @2824     
          recording_detail    integral                 32    'd1       
        sequencer             yapp_tx_sequencer        -     @2822     
          rsp_export          uvm_analysis_export      -     @2919     
            recording_detail  integral                 32    'd1       
          seq_item_export     uvm_seq_item_pull_imp    -     @3469     
            recording_detail  integral                 32    'd1       
          recording_detail    integral                 32    'd1       
          arbitration_queue   array                    0     -         
          lock_queue          array                    0     -         
          num_last_reqs       integral                 32    'd1       
          num_last_rsps       integral                 32    'd1       
        is_active             uvm_active_passive_enum  1     UVM_ACTIVE
        recording_detail      integral                 32    'd1       
      recording_detail        integral                 32    'd1       
    recording_detail          integral                 32    'd1       
-----------------------------------------------------------------------

UVM_INFO ../sv/yapp_tx_driver.sv(30) @ 0: uvm_test_top.tb.yapp.tx_agent.driver [yapp_tx_driver] start of simulation for uvm_test_top.tb.yapp.tx_agent.driver
UVM_INFO ../sv/yapp_tx_monitor.sv(36) @ 0: uvm_test_top.tb.yapp.tx_agent.monitor [yapp_tx_monitor] start of simulation for uvm_test_top.tb.yapp.tx_agent.monitor
UVM_INFO ../sv/yapp_tx_sequencer.sv(26) @ 0: uvm_test_top.tb.yapp.tx_agent.sequencer [yapp_tx_sequencer] start of simulation for uvm_test_top.tb.yapp.tx_agent.sequencer
UVM_INFO ../sv/yapp_tx_agent.sv(54) @ 0: uvm_test_top.tb.yapp.tx_agent [yapp_tx_agent] start of simulation for uvm_test_top.tb.yapp.tx_agent
UVM_INFO ../sv/yapp_env.sv(37) @ 0: uvm_test_top.tb.yapp [yapp_env] start of simulation for uvm_test_top.tb.yapp
UVM_INFO router_test_lib.sv(42) @ 0: uvm_test_top [yapp_012_test] start of simulation for uvm_test_top
SDI/Verilog Transaction Recording Facility Version 24.03-s004
UVM_INFO ../sv/yapp_tx_seqs.sv(37) @ 0: uvm_test_top.tb.yapp.tx_agent.sequencer@@yapp_012_seq [yapp_012_seq] raise objection
UVM_INFO ../sv/yapp_tx_seqs.sv(112) @ 0: uvm_test_top.tb.yapp.tx_agent.sequencer@@yapp_012_seq [yapp_012_seq] yapp_012_seq executing
UVM_INFO ../sv/yapp_tx_driver.sv(49) @ 60: uvm_test_top.tb.yapp.tx_agent.driver [yapp_tx_driver] Reset dropped
UVM_INFO ../sv/yapp_tx_monitor.sv(46) @ 60: uvm_test_top.tb.yapp.tx_agent.monitor [yapp_tx_monitor] Detected Reset Done
UVM_INFO ../sv/yapp_tx_driver.sv(54) @ 60: uvm_test_top.tb.yapp.tx_agent.driver [yapp_tx_driver] Sending Packet :
------------------------------------------------------------------------------------------------------------
Name                           Type               Size  Value                                               
------------------------------------------------------------------------------------------------------------
req                            short_yapp_packet  -     @3707                                               
  length                       integral           6     'h8                                                 
  addr                         integral           2     'h0                                                 
  payload                      da(integral)       8     -                                                   
    [0]                        integral           8     'hc5                                                
    [1]                        integral           8     'hbd                                                
    [2]                        integral           8     'h6                                                 
    [3]                        integral           8     'hef                                                
    [4]                        integral           8     'h7d                                                
    [5]                        integral           8     'h32                                                
    [6]                        integral           8     'h33                                                
    [7]                        integral           8     'h4e                                                
  parity                       integral           8     'b10100100                                          
  parity_type                  parity_t           1     BAD_PARITY                                          
  packet_delay                 integral           32    'h14                                                
  begin_time                   time               64    60                                                  
  depth                        int                32    'd2                                                 
  parent sequence (name)       string             12    yapp_012_seq                                        
  parent sequence (full name)  string             52    uvm_test_top.tb.yapp.tx_agent.sequencer.yapp_012_seq
  sequencer                    string             39    uvm_test_top.tb.yapp.tx_agent.sequencer             
------------------------------------------------------------------------------------------------------------

UVM_INFO ../sv/yapp_if.sv(89) @ 2200: reporter [YAPP_IF] collect packets
UVM_INFO ../sv/yapp_tx_monitor.sv(62) @ 3100: uvm_test_top.tb.yapp.tx_agent.monitor [yapp_tx_monitor] Packet Collected :
---------------------------------------------------
Name            Type               Size  Value     
---------------------------------------------------
pkt             short_yapp_packet  -     @3686     
  length        integral           6     'h8       
  addr          integral           2     'h0       
  payload       da(integral)       8     -         
    [0]         integral           8     'hc5      
    [1]         integral           8     'hbd      
    [2]         integral           8     'h6       
    [3]         integral           8     'hef      
    [4]         integral           8     'h7d      
    [5]         integral           8     'h32      
    [6]         integral           8     'h33      
    [7]         integral           8     'h4e      
  parity        integral           8     'b10100100
  parity_type   parity_t           1     BAD_PARITY
  packet_delay  integral           32    'h0       
  begin_time    time               64    2200      
  end_time      time               64    3100      
---------------------------------------------------

*** ROUTER (DUT) Parity Error Identified: Expected:a4 Computed:83 ***
UVM_INFO ../sv/yapp_tx_driver.sv(54) @ 3150: uvm_test_top.tb.yapp.tx_agent.driver [yapp_tx_driver] Sending Packet :
------------------------------------------------------------------------------------------------------------
Name                           Type               Size  Value                                               
------------------------------------------------------------------------------------------------------------
req                            short_yapp_packet  -     @3848                                               
  length                       integral           6     'h3                                                 
  addr                         integral           2     'h1                                                 
  payload                      da(integral)       3     -                                                   
    [0]                        integral           8     'h92                                                
    [1]                        integral           8     'h93                                                
    [2]                        integral           8     'h1a                                                
  parity                       integral           8     'b11011                                             
  parity_type                  parity_t           1     GOOD_PARITY                                         
  packet_delay                 integral           32    'h7                                                 
  begin_time                   time               64    3150                                                
  depth                        int                32    'd2                                                 
  parent sequence (name)       string             12    yapp_012_seq                                        
  parent sequence (full name)  string             52    uvm_test_top.tb.yapp.tx_agent.sequencer.yapp_012_seq
  sequencer                    string             39    uvm_test_top.tb.yapp.tx_agent.sequencer             
------------------------------------------------------------------------------------------------------------

UVM_INFO ../sv/yapp_if.sv(89) @ 4000: reporter [YAPP_IF] collect packets
UVM_INFO ../sv/yapp_tx_monitor.sv(62) @ 4400: uvm_test_top.tb.yapp.tx_agent.monitor [yapp_tx_monitor] Packet Collected :
----------------------------------------------------
Name            Type               Size  Value      
----------------------------------------------------
pkt             short_yapp_packet  -     @3857      
  length        integral           6     'h3        
  addr          integral           2     'h1        
  payload       da(integral)       3     -          
    [0]         integral           8     'h92       
    [1]         integral           8     'h93       
    [2]         integral           8     'h1a       
  parity        integral           8     'b11011    
  parity_type   parity_t           1     GOOD_PARITY
  packet_delay  integral           32    'h0        
  begin_time    time               64    4000       
  end_time      time               64    4400       
----------------------------------------------------

*** ROUTER (DUT) Parity Error Identified: Expected:1b Computed:16 ***
UVM_INFO ../sv/yapp_tx_driver.sv(54) @ 4450: uvm_test_top.tb.yapp.tx_agent.driver [yapp_tx_driver] Sending Packet :
------------------------------------------------------------------------------------------------------------
Name                           Type               Size  Value                                               
------------------------------------------------------------------------------------------------------------
req                            short_yapp_packet  -     @3829                                               
  length                       integral           6     'h7                                                 
  addr                         integral           2     'h2                                                 
  payload                      da(integral)       7     -                                                   
    [0]                        integral           8     'h75                                                
    [1]                        integral           8     'hed                                                
    [2]                        integral           8     'hf3                                                
    [3]                        integral           8     'h49                                                
    [4]                        integral           8     'hc7                                                
    [5]                        integral           8     'h25                                                
    [6]                        integral           8     'hf7                                                
  parity                       integral           8     'b110111                                            
  parity_type                  parity_t           1     GOOD_PARITY                                         
  packet_delay                 integral           32    'h13                                                
  begin_time                   time               64    4450                                                
  depth                        int                32    'd2                                                 
  parent sequence (name)       string             12    yapp_012_seq                                        
  parent sequence (full name)  string             52    uvm_test_top.tb.yapp.tx_agent.sequencer.yapp_012_seq
  sequencer                    string             39    uvm_test_top.tb.yapp.tx_agent.sequencer             
------------------------------------------------------------------------------------------------------------

UVM_INFO ../sv/yapp_if.sv(89) @ 6500: reporter [YAPP_IF] collect packets
UVM_INFO ../sv/yapp_tx_monitor.sv(62) @ 7300: uvm_test_top.tb.yapp.tx_agent.monitor [yapp_tx_monitor] Packet Collected :
----------------------------------------------------
Name            Type               Size  Value      
----------------------------------------------------
pkt             short_yapp_packet  -     @3790      
  length        integral           6     'h7        
  addr          integral           2     'h2        
  payload       da(integral)       7     -          
    [0]         integral           8     'h75       
    [1]         integral           8     'hed       
    [2]         integral           8     'hf3       
    [3]         integral           8     'h49       
    [4]         integral           8     'hc7       
    [5]         integral           8     'h25       
    [6]         integral           8     'hf7       
  parity        integral           8     'b110111   
  parity_type   parity_t           1     GOOD_PARITY
  packet_delay  integral           32    'h0        
  begin_time    time               64    6500       
  end_time      time               64    7300       
----------------------------------------------------

*** ROUTER (DUT) Parity Error Identified: Expected:37 Computed:29 ***
UVM_INFO ../sv/yapp_tx_seqs.sv(51) @ 7350: uvm_test_top.tb.yapp.tx_agent.sequencer@@yapp_012_seq [yapp_012_seq] drop objection
UVM_INFO /tools/cadence/XCELIUM/24.03.004/tools/methodology/UVM/CDNS-1.1d/sv/src/base/uvm_objection.svh(1268) @ 9350: reporter [TEST_DONE] 'run' phase is ready to proceed to the 'extract' phase
UVM_INFO ../sv/yapp_tx_driver.sv(86) @ 9350: uvm_test_top.tb.yapp.tx_agent.driver [yapp_tx_driver] Report: YAPP TX driver sent 3 packets
UVM_INFO ../sv/yapp_tx_monitor.sv(78) @ 9350: uvm_test_top.tb.yapp.tx_agent.monitor [yapp_tx_monitor] Report: YAPP Monitor Collected 3 Packets

--- UVM Report catcher Summary ---


Number of demoted UVM_FATAL reports  :    0
Number of demoted UVM_ERROR reports  :    0
Number of demoted UVM_WARNING reports:    0
Number of caught UVM_FATAL reports   :    0
Number of caught UVM_ERROR reports   :    0
Number of caught UVM_WARNING reports :    0

--- UVM Report Summary ---

** Report counts by severity
UVM_INFO :   26
UVM_WARNING :    0
UVM_ERROR :    0
UVM_FATAL :    0
** Report counts by id
[MSG]     1
[RNTST]     1
[TEST_DONE]     1
[UVMTOP]     1
[YAPP_IF]     3
[yapp_012_seq]     3
[yapp_012_test]     1
[yapp_env]     1
[yapp_tx_agent]     1
[yapp_tx_driver]     6
[yapp_tx_monitor]     6
[yapp_tx_sequencer]     1
Simulation complete via $finish(1) at time 935 NS + 46
/tools/cadence/XCELIUM/24.03.004/tools/methodology/UVM/CDNS-1.1d/sv/src/base/uvm_root.svh:457     $finish;
xcelium> exit
TOOL:	xrun(64)	24.03-s004: Exiting on Sep 22, 2024 at 15:01:51 UTC  (total: 00:00:10)
